<?xml version="1.0" encoding="UTF-8"?>
<!-- Generated by org.testng.reporters.JUnitXMLReporter -->
<testsuite ignored="0" hostname="VarshaMane" failures="0" tests="2" name="Default test" time="27.71" errors="0" timestamp="06 Nov 2022 13:44:19 GMT">
  <testcase classname="codemind.New.MavenProject.testCases.HomePageTestCase" name="verifyRegistrationFunctionality" time="12.569"/>
  <testcase classname="codemind.New.MavenProject.testCases.HomePageTestCase" name="verifyValidLogin" time="9.945"/>
</testsuite> <!-- Default test -->
