<?xml version="1.0" encoding="UTF-8"?>
<testng-results ignored="0" total="2" passed="2" failed="0" skipped="0">
  <reporter-output>
  </reporter-output>
  <suite started-at="2022-11-06T13:43:51Z" name="Default suite" finished-at="2022-11-06T13:44:19Z" duration-ms="27710">
    <groups>
    </groups>
    <test started-at="2022-11-06T13:43:51Z" name="Default test" finished-at="2022-11-06T13:44:19Z" duration-ms="27710">
      <class name="codemind.New.MavenProject.testCases.HomePageTestCase">
        <test-method is-config="true" signature="initilizeBrowser()[pri:0, instance:codemind.New.MavenProject.testCases.HomePageTestCase@51f116b8]" started-at="2022-11-06T13:43:51Z" name="initilizeBrowser" finished-at="2022-11-06T13:43:54Z" duration-ms="2388" status="PASS">
          <reporter-output>
          </reporter-output>
        </test-method> <!-- initilizeBrowser -->
        <test-method signature="verifyRegistrationFunctionality()[pri:0, instance:codemind.New.MavenProject.testCases.HomePageTestCase@51f116b8]" started-at="2022-11-06T13:43:54Z" name="verifyRegistrationFunctionality" finished-at="2022-11-06T13:44:06Z" duration-ms="12569" status="PASS">
          <reporter-output>
          </reporter-output>
        </test-method> <!-- verifyRegistrationFunctionality -->
        <test-method is-config="true" signature="tearDown(org.testng.ITestResult)[pri:0, instance:codemind.New.MavenProject.testCases.HomePageTestCase@51f116b8]" started-at="2022-11-06T13:44:06Z" name="tearDown" finished-at="2022-11-06T13:44:07Z" duration-ms="691" status="PASS">
          <params>
            <param index="0">
              <value>
                <![CDATA[[TestResult name=verifyRegistrationFunctionality status=SUCCESS method=HomePageTestCase.verifyRegistrationFunctionality()[pri:0, instance:codemind.New.MavenProject.testCases.HomePageTestCase@51f116b8] output={null}]]]>
              </value>
            </param>
          </params>
          <reporter-output>
          </reporter-output>
        </test-method> <!-- tearDown -->
        <test-method is-config="true" signature="initilizeBrowser()[pri:0, instance:codemind.New.MavenProject.testCases.HomePageTestCase@51f116b8]" started-at="2022-11-06T13:44:07Z" name="initilizeBrowser" finished-at="2022-11-06T13:44:09Z" duration-ms="1390" status="PASS">
          <reporter-output>
          </reporter-output>
        </test-method> <!-- initilizeBrowser -->
        <test-method signature="verifyValidLogin(java.lang.String, java.lang.String)[pri:0, instance:codemind.New.MavenProject.testCases.HomePageTestCase@51f116b8]" started-at="2022-11-06T13:44:09Z" name="verifyValidLogin" data-provider="myDataProvider" finished-at="2022-11-06T13:44:18Z" duration-ms="9945" status="PASS">
          <params>
            <param index="0">
              <value>
                <![CDATA[user1]]>
              </value>
            </param>
            <param index="1">
              <value>
                <![CDATA[password1]]>
              </value>
            </param>
          </params>
          <reporter-output>
          </reporter-output>
        </test-method> <!-- verifyValidLogin -->
        <test-method is-config="true" signature="tearDown(org.testng.ITestResult)[pri:0, instance:codemind.New.MavenProject.testCases.HomePageTestCase@51f116b8]" started-at="2022-11-06T13:44:18Z" name="tearDown" finished-at="2022-11-06T13:44:19Z" duration-ms="701" status="PASS">
          <params>
            <param index="0">
              <value>
                <![CDATA[[TestResult name=verifyValidLogin status=SUCCESS method=HomePageTestCase.verifyValidLogin(java.lang.String, java.lang.String)[pri:0, instance:codemind.New.MavenProject.testCases.HomePageTestCase@51f116b8] output={null}]]]>
              </value>
            </param>
          </params>
          <reporter-output>
          </reporter-output>
        </test-method> <!-- tearDown -->
      </class> <!-- codemind.New.MavenProject.testCases.HomePageTestCase -->
    </test> <!-- Default test -->
  </suite> <!-- Default suite -->
</testng-results>
