<?xml version="1.0" encoding="UTF-8"?>
<testng-results ignored="0" total="1" passed="1" failed="0" skipped="0">
  <reporter-output>
  </reporter-output>
  <suite started-at="2022-11-03T18:50:44 IST" name="Default suite" finished-at="2022-11-03T18:50:58 IST" duration-ms="13871">
    <groups>
    </groups>
    <test started-at="2022-11-03T18:50:44 IST" name="Default test" finished-at="2022-11-03T18:50:58 IST" duration-ms="13871">
      <class name="codemind.New.MavenProject.testCases.HomePageTestCase">
        <test-method is-config="true" signature="initilizeBrowser()[pri:0, instance:codemind.New.MavenProject.testCases.HomePageTestCase@66498326]" started-at="2022-11-03T18:50:44 IST" name="initilizeBrowser" finished-at="2022-11-03T18:50:47 IST" duration-ms="2642" status="PASS">
          <reporter-output>
          </reporter-output>
        </test-method> <!-- initilizeBrowser -->
        <test-method signature="verifyValidLogin()[pri:0, instance:codemind.New.MavenProject.testCases.HomePageTestCase@66498326]" started-at="2022-11-03T18:50:47 IST" name="verifyValidLogin" finished-at="2022-11-03T18:50:58 IST" duration-ms="11198" status="PASS">
          <reporter-output>
          </reporter-output>
        </test-method> <!-- verifyValidLogin -->
      </class> <!-- codemind.New.MavenProject.testCases.HomePageTestCase -->
    </test> <!-- Default test -->
  </suite> <!-- Default suite -->
</testng-results>
